<?xml version="1.0" encoding="UTF-8"?>
<!-- Generated by org.testng.reporters.JUnitReportReporter -->
<testsuite hostname="LIN60015134" name="testNG_scenarios_dummytestcases.TestDummyGrouping2" tests="3" failures="0" timestamp="1 May 2019 06:50:06 GMT" time="0.007" errors="0">
  <testcase name="method1" time="0.003" classname="testNG_scenarios_dummytestcases.TestDummyGrouping2"/>
  <testcase name="method2" time="0.002" classname="testNG_scenarios_dummytestcases.TestDummyGrouping2"/>
  <testcase name="method3" time="0.002" classname="testNG_scenarios_dummytestcases.TestDummyGrouping2"/>
</testsuite> <!-- testNG_scenarios_dummytestcases.TestDummyGrouping2 -->
