<?xml version="1.0" encoding="UTF-8"?>
<!-- Generated by org.testng.reporters.JUnitReportReporter -->
<testsuite hostname="LIN60015134" name="testNG_scenarios_dummytestcases.TestDummyGrouping1" tests="3" failures="0" timestamp="1 May 2019 06:50:06 GMT" time="0.011" errors="0">
  <testcase name="methodTwo" time="0.005" classname="testNG_scenarios_dummytestcases.TestDummyGrouping1"/>
  <testcase name="methodThree" time="0.003" classname="testNG_scenarios_dummytestcases.TestDummyGrouping1"/>
  <testcase name="methodOne" time="0.003" classname="testNG_scenarios_dummytestcases.TestDummyGrouping1"/>
</testsuite> <!-- testNG_scenarios_dummytestcases.TestDummyGrouping1 -->
