<?xml version="1.0" encoding="UTF-8"?>
<!-- Generated by org.testng.reporters.JUnitReportReporter -->
<testsuite hostname="DESKTOP-2CKIKDG" failures="0" tests="1" name="testNG_scenarios_dummytestcases.TestDummy2" time="0.008" errors="0" timestamp="12 Aug 2019 10:59:38 GMT">
  <testcase classname="testNG_scenarios_dummytestcases.TestDummy2" name="dummy" time="0.008"/>
</testsuite> <!-- testNG_scenarios_dummytestcases.TestDummy2 -->
